<?xml version='1.0' encoding='UTF-8'?>
<testsuite hostname="nutty.local" name="ApplicationSpec" tests="2" errors="0" failures="0" time="1.994">
                     <properties>
[...]
</properties>
                     <testcase classname="ApplicationSpec" name="Application should::send 404 on a bad request" time="1.531">
                                                 
                                               </testcase><testcase classname="ApplicationSpec" name="Application should::index renders json with List(1,2,3)" time="0.463">
                                                 
                                               </testcase>
                     <system-out></system-out>
                     <system-err></system-err>
                   </testsuite>